TN:
SF:src/indexApp.ts
FNF:0
FNH:0
DA:1,1
DA:2,1
DA:3,1
DA:4,1
DA:5,1
DA:6,1
DA:7,1
DA:8,1
DA:9,1
DA:10,1
DA:11,1
DA:12,1
DA:13,1
DA:14,1
DA:15,1
DA:16,1
DA:17,1
DA:18,1
DA:19,1
DA:20,1
DA:21,1
DA:22,1
DA:23,1
DA:24,1
DA:25,1
DA:26,1
DA:27,1
DA:28,1
LF:28
LH:28
BRDA:21,0,0,0
BRDA:26,1,0,1
BRF:2
BRH:1
end_of_record
TN:
SF:src/transactionFunctions.ts
FN:43,resetPurchase
FN:58,resetSale
FN:74,getSale
FN:136,getPurchase
FNF:4
FNH:4
FNDA:2,resetPurchase
FNDA:5,resetSale
FNDA:12,getSale
FNDA:5,getPurchase
DA:1,1
DA:2,1
DA:3,1
DA:4,1
DA:5,1
DA:6,1
DA:7,1
DA:8,1
DA:9,1
DA:10,1
DA:11,1
DA:12,1
DA:13,1
DA:14,1
DA:15,1
DA:16,1
DA:17,1
DA:18,1
DA:19,1
DA:20,1
DA:21,1
DA:22,1
DA:23,1
DA:24,1
DA:25,1
DA:26,1
DA:27,1
DA:28,1
DA:29,1
DA:30,1
DA:31,1
DA:32,1
DA:33,1
DA:34,1
DA:35,1
DA:36,1
DA:37,1
DA:38,1
DA:39,1
DA:40,1
DA:41,1
DA:42,1
DA:43,1
DA:44,2
DA:45,4
DA:46,4
DA:47,0
DA:48,0
DA:49,4
DA:50,4
DA:51,4
DA:52,2
DA:53,1
DA:54,1
DA:55,1
DA:56,1
DA:57,1
DA:58,1
DA:59,5
DA:60,5
DA:61,5
DA:62,0
DA:63,0
DA:64,5
DA:65,5
DA:66,5
DA:67,5
DA:68,1
DA:69,1
DA:70,1
DA:71,1
DA:72,1
DA:73,1
DA:74,1
DA:75,12
DA:76,12
DA:77,12
DA:78,12
DA:79,12
DA:80,12
DA:81,12
DA:82,12
DA:83,14
DA:84,14
DA:85,3
DA:86,3
DA:87,11
DA:88,11
DA:89,11
DA:90,11
DA:91,14
DA:92,2
DA:93,2
DA:94,2
DA:95,2
DA:96,9
DA:97,9
DA:98,9
DA:99,9
DA:100,9
DA:101,14
DA:102,2
DA:103,2
DA:104,2
DA:105,2
DA:106,14
DA:107,1
DA:108,1
DA:109,1
DA:110,1
DA:111,14
DA:112,1
DA:113,1
DA:114,1
DA:115,1
DA:116,5
DA:117,5
DA:118,5
DA:119,5
DA:120,5
DA:121,5
DA:122,5
DA:123,3
DA:124,3
DA:125,5
DA:126,5
DA:127,3
DA:128,3
DA:129,3
DA:130,1
DA:131,1
DA:132,1
DA:133,1
DA:134,1
DA:135,1
DA:136,1
DA:137,5
DA:138,5
DA:139,5
DA:140,5
DA:141,5
DA:142,5
DA:143,5
DA:144,5
DA:145,8
DA:146,8
DA:147,8
DA:148,8
DA:149,8
DA:150,8
DA:151,1
DA:152,1
DA:153,1
DA:154,1
DA:155,8
DA:156,1
DA:157,8
DA:158,6
DA:159,6
DA:160,6
DA:161,6
DA:162,6
DA:163,7
DA:164,7
DA:165,7
DA:166,4
DA:167,4
DA:168,7
DA:169,7
DA:170,4
DA:171,4
DA:172,4
LF:172
LH:168
BRDA:43,0,0,2
BRDA:44,1,0,4
BRDA:46,2,0,0
BRDA:58,3,0,5
BRDA:61,4,0,0
BRDA:74,5,0,12
BRDA:82,6,0,14
BRDA:84,7,0,3
BRDA:87,8,0,11
BRDA:91,9,0,2
BRDA:96,10,0,9
BRDA:101,11,0,2
BRDA:106,12,0,7
BRDA:106,13,0,1
BRDA:111,14,0,6
BRDA:111,15,0,1
BRDA:116,16,0,5
BRDA:123,17,0,3
BRDA:124,18,0,5
BRDA:136,19,0,5
BRDA:144,20,0,8
BRDA:150,21,0,1
BRDA:155,22,0,7
BRDA:155,23,0,1
BRDA:157,24,0,6
BRDA:163,25,0,7
BRDA:166,26,0,4
BRDA:167,27,0,7
BRF:28
BRH:26
end_of_record
TN:
SF:src/db/mongoose.ts
FNF:0
FNH:0
DA:1,1
DA:2,1
DA:3,1
DA:4,1
DA:5,1
DA:6,1
DA:7,1
DA:8,1
DA:9,1
DA:10,1
DA:11,1
DA:12,1
DA:13,1
DA:14,1
DA:15,0
DA:16,0
DA:17,1
LF:17
LH:15
BRDA:11,0,0,1
BRF:1
BRH:1
end_of_record
TN:
SF:src/models/customer.ts
FN:22,calcularLetraDNI
FN:39,validator
FN:47,validator
FN:55,validator
FN:64,validator
FNF:5
FNH:5
FNDA:206,calcularLetraDNI
FNDA:208,validator
FNDA:208,validator
FNDA:210,validator
FNDA:206,validator
DA:1,1
DA:2,1
DA:3,1
DA:4,1
DA:5,1
DA:6,1
DA:7,1
DA:8,1
DA:9,1
DA:10,1
DA:11,1
DA:12,1
DA:13,1
DA:14,1
DA:15,1
DA:16,1
DA:17,1
DA:18,1
DA:19,1
DA:20,1
DA:21,1
DA:22,206
DA:23,206
DA:24,206
DA:25,206
DA:26,206
DA:27,1
DA:28,1
DA:29,1
DA:30,1
DA:31,1
DA:32,1
DA:33,1
DA:34,1
DA:35,1
DA:36,1
DA:37,1
DA:38,1
DA:39,1
DA:40,1
DA:41,1
DA:42,1
DA:43,1
DA:44,1
DA:45,1
DA:46,1
DA:47,1
DA:48,1
DA:49,1
DA:50,1
DA:51,1
DA:52,1
DA:53,1
DA:54,1
DA:55,1
DA:56,1
DA:57,1
DA:58,1
DA:59,1
DA:60,1
DA:61,1
DA:62,1
DA:63,1
DA:64,1
DA:65,206
DA:66,206
DA:67,206
DA:68,1
DA:69,1
DA:70,1
DA:71,1
DA:72,1
DA:73,1
DA:74,1
DA:75,1
DA:76,1
DA:77,1
DA:78,1
DA:79,1
DA:80,1
LF:80
LH:80
BRDA:22,0,0,206
BRDA:39,1,0,208
BRDA:47,2,0,208
BRDA:55,3,0,210
BRDA:64,4,0,206
BRF:5
BRH:5
end_of_record
TN:
SF:src/models/furniture.ts
FN:67,validator
FNF:1
FNH:1
FNDA:310,validator
DA:1,1
DA:2,1
DA:3,1
DA:4,1
DA:5,1
DA:6,1
DA:7,1
DA:8,1
DA:9,1
DA:10,1
DA:11,1
DA:12,1
DA:13,1
DA:14,1
DA:15,1
DA:16,1
DA:17,1
DA:18,1
DA:19,1
DA:20,1
DA:21,1
DA:22,1
DA:23,1
DA:24,1
DA:25,1
DA:26,1
DA:27,1
DA:28,1
DA:29,1
DA:30,1
DA:31,1
DA:32,1
DA:33,1
DA:34,1
DA:35,1
DA:36,1
DA:37,1
DA:38,1
DA:39,1
DA:40,1
DA:41,1
DA:42,1
DA:43,1
DA:44,1
DA:45,1
DA:46,1
DA:47,1
DA:48,1
DA:49,1
DA:50,1
DA:51,1
DA:52,1
DA:53,1
DA:54,1
DA:55,1
DA:56,1
DA:57,1
DA:58,1
DA:59,1
DA:60,1
DA:61,1
DA:62,1
DA:63,1
DA:64,1
DA:65,1
DA:66,1
DA:67,1
DA:68,310
DA:69,1
DA:70,1
DA:71,1
DA:72,1
DA:73,1
DA:74,1
DA:75,1
DA:76,1
DA:77,1
DA:78,1
DA:79,1
DA:80,1
DA:81,1
DA:82,1
DA:83,1
DA:84,1
DA:85,1
DA:86,1
LF:86
LH:86
BRDA:67,0,0,310
BRF:1
BRH:1
end_of_record
TN:
SF:src/models/provider.ts
FN:27,validator
FN:37,validator
FN:48,validator
FNF:3
FNH:3
FNDA:208,validator
FNDA:210,validator
FNDA:206,validator
DA:1,1
DA:2,1
DA:3,1
DA:4,1
DA:5,1
DA:6,1
DA:7,1
DA:8,1
DA:9,1
DA:10,1
DA:11,1
DA:12,1
DA:13,1
DA:14,1
DA:15,1
DA:16,1
DA:17,1
DA:18,1
DA:19,1
DA:20,1
DA:21,1
DA:22,1
DA:23,1
DA:24,1
DA:25,1
DA:26,1
DA:27,1
DA:28,208
DA:29,1
DA:30,1
DA:31,1
DA:32,1
DA:33,1
DA:34,1
DA:35,1
DA:36,1
DA:37,1
DA:38,210
DA:39,1
DA:40,1
DA:41,1
DA:42,1
DA:43,1
DA:44,1
DA:45,1
DA:46,1
DA:47,1
DA:48,1
DA:49,206
DA:50,206
DA:51,206
DA:52,206
DA:53,206
DA:54,206
DA:55,206
DA:56,1442
DA:57,1442
DA:58,824
DA:59,1442
DA:60,618
DA:61,618
DA:62,1442
DA:63,206
DA:64,206
DA:65,206
DA:66,206
DA:67,206
DA:68,206
DA:69,206
DA:70,206
DA:71,1
DA:72,1
DA:73,1
DA:74,1
DA:75,1
DA:76,1
DA:77,1
DA:78,1
DA:79,1
DA:80,1
DA:81,1
DA:82,1
DA:83,1
LF:83
LH:83
BRDA:27,0,0,208
BRDA:37,1,0,210
BRDA:48,2,0,206
BRDA:55,3,0,1442
BRDA:57,4,0,824
BRDA:59,5,0,618
BRDA:64,6,0,0
BRDA:68,7,0,0
BRF:8
BRH:6
end_of_record
TN:
SF:src/models/transaction.ts
FNF:0
FNH:0
DA:1,1
DA:2,1
DA:3,1
DA:4,1
DA:5,1
DA:6,1
DA:7,1
DA:8,1
DA:9,1
DA:10,1
DA:11,1
DA:12,1
DA:13,1
DA:14,1
DA:15,1
DA:16,1
DA:17,1
DA:18,1
DA:19,1
DA:20,1
DA:21,1
DA:22,1
DA:23,1
DA:24,1
DA:25,1
DA:26,1
DA:27,1
DA:28,1
DA:29,1
DA:30,1
DA:31,1
DA:32,1
DA:33,1
DA:34,1
DA:35,1
DA:36,1
DA:37,1
DA:38,1
DA:39,1
DA:40,1
DA:41,1
DA:42,1
DA:43,1
DA:44,1
DA:45,1
DA:46,1
DA:47,1
DA:48,1
DA:49,1
DA:50,1
DA:51,1
DA:52,1
DA:53,1
DA:54,1
DA:55,1
DA:56,1
DA:57,1
DA:58,1
DA:59,1
DA:60,1
DA:61,1
DA:62,1
DA:63,1
DA:64,1
DA:65,1
DA:66,1
DA:67,1
DA:68,1
DA:69,1
DA:70,1
DA:71,1
DA:72,1
DA:73,1
DA:74,1
DA:75,1
DA:76,1
DA:77,1
LF:77
LH:77
BRF:0
BRH:0
end_of_record
TN:
SF:src/routers/customersRouter.ts
FNF:0
FNH:0
DA:1,1
DA:2,1
DA:3,1
DA:4,1
DA:5,1
DA:6,1
DA:7,1
DA:8,1
DA:9,1
DA:10,1
DA:11,1
DA:12,1
DA:13,1
DA:14,1
DA:15,1
DA:16,1
DA:17,1
DA:18,1
DA:19,3
DA:20,2
DA:21,2
DA:22,2
DA:23,1
DA:24,1
DA:25,1
DA:26,1
DA:27,2
DA:28,0
DA:29,0
DA:30,3
DA:31,1
DA:32,1
DA:33,1
DA:34,1
DA:35,1
DA:36,0
DA:37,0
DA:38,1
DA:39,0
DA:40,0
DA:41,1
DA:42,1
DA:43,1
DA:44,1
DA:45,1
DA:46,1
DA:47,1
DA:48,1
DA:49,1
DA:50,1
DA:51,1
DA:52,2
DA:53,2
DA:54,2
DA:55,2
DA:56,1
DA:57,1
DA:58,1
DA:59,1
DA:60,2
DA:61,0
DA:62,0
DA:63,1
DA:64,1
DA:65,1
DA:66,1
DA:67,1
DA:68,1
DA:69,1
DA:70,1
DA:71,1
DA:72,1
DA:73,1
DA:74,3
DA:75,3
DA:76,3
DA:77,3
DA:78,3
DA:79,3
DA:80,3
DA:81,3
DA:82,3
DA:83,3
DA:84,1
DA:85,1
DA:86,2
DA:87,1
DA:88,1
DA:89,1
DA:90,1
DA:91,1
DA:92,1
DA:93,1
DA:94,1
DA:95,1
DA:96,1
DA:97,1
DA:98,1
DA:99,1
DA:100,1
DA:101,1
DA:102,4
DA:103,4
DA:104,4
DA:105,4
DA:106,4
DA:107,4
DA:108,4
DA:109,4
DA:110,1
DA:111,1
DA:112,1
DA:113,1
DA:114,3
DA:115,3
DA:116,3
DA:117,3
DA:118,3
DA:119,4
DA:120,1
DA:121,1
DA:122,2
DA:123,4
DA:124,0
DA:125,0
DA:126,1
DA:127,1
DA:128,1
DA:129,1
DA:130,1
DA:131,1
DA:132,1
DA:133,1
DA:134,1
DA:135,1
DA:136,1
DA:137,5
DA:138,4
DA:139,4
DA:140,4
DA:141,4
DA:142,4
DA:143,4
DA:144,4
DA:145,4
DA:146,1
DA:147,1
DA:148,1
DA:149,1
DA:150,3
DA:151,3
DA:152,3
DA:153,3
DA:154,3
DA:155,4
DA:156,1
DA:157,1
DA:158,2
DA:159,4
DA:160,0
DA:161,0
DA:162,5
DA:163,1
DA:164,1
DA:165,1
DA:166,1
DA:167,1
DA:168,1
DA:169,1
DA:170,1
DA:171,1
DA:172,1
DA:173,1
DA:174,1
DA:175,1
DA:176,1
DA:177,1
DA:178,1
DA:179,1
DA:180,1
DA:181,0
DA:182,0
DA:183,1
DA:184,0
DA:185,0
DA:186,1
DA:187,0
DA:188,0
DA:189,1
DA:190,1
DA:191,1
DA:192,1
DA:193,1
DA:194,1
DA:195,1
DA:196,1
DA:197,1
DA:198,1
DA:199,1
DA:200,1
DA:201,1
DA:202,1
DA:203,1
DA:204,1
DA:205,1
DA:206,0
DA:207,0
DA:208,1
DA:209,0
DA:210,0
DA:211,1
DA:212,1
LF:212
LH:190
BRDA:18,0,0,3
BRDA:19,1,0,2
BRDA:22,2,0,1
BRDA:27,3,0,0
BRDA:30,4,0,1
BRDA:35,5,0,0
BRDA:38,6,0,0
BRDA:51,7,0,2
BRDA:55,8,0,1
BRDA:60,9,0,0
BRDA:73,10,0,3
BRDA:83,11,0,1
BRDA:86,12,0,2
BRDA:87,13,0,1
BRDA:101,14,0,4
BRDA:109,15,0,1
BRDA:114,16,0,3
BRDA:119,17,0,1
BRDA:122,18,0,2
BRDA:123,19,0,0
BRDA:105,20,0,7
BRDA:136,21,0,5
BRDA:137,22,0,4
BRDA:145,23,0,1
BRDA:150,24,0,3
BRDA:155,25,0,1
BRDA:158,26,0,2
BRDA:159,27,0,0
BRDA:162,28,0,1
BRDA:141,29,0,7
BRDA:174,30,0,1
BRDA:180,31,0,0
BRDA:183,32,0,0
BRDA:186,33,0,0
BRDA:200,34,0,1
BRDA:205,35,0,0
BRDA:208,36,0,0
BRF:37
BRH:26
end_of_record
TN:
SF:src/routers/furnitureRouter.ts
FN:16,checkFurnitureQuery
FNF:1
FNH:1
FNDA:12,checkFurnitureQuery
DA:1,1
DA:2,1
DA:3,1
DA:4,1
DA:5,1
DA:6,1
DA:7,1
DA:8,1
DA:9,1
DA:10,1
DA:11,1
DA:12,1
DA:13,1
DA:14,1
DA:15,1
DA:16,12
DA:17,12
DA:18,12
DA:19,12
DA:20,12
DA:21,2
DA:22,2
DA:23,12
DA:24,10
DA:25,10
DA:26,1
DA:27,1
DA:28,1
DA:29,1
DA:30,1
DA:31,1
DA:32,6
DA:33,6
DA:34,6
DA:35,6
DA:36,6
DA:37,2
DA:38,6
DA:39,4
DA:40,4
DA:41,6
DA:42,6
DA:43,0
DA:44,6
DA:45,6
DA:46,0
DA:47,0
DA:48,0
DA:49,0
DA:50,0
DA:51,6
DA:52,0
DA:53,0
DA:54,1
DA:55,1
DA:56,1
DA:57,1
DA:58,1
DA:59,1
DA:60,1
DA:61,1
DA:62,3
DA:63,3
DA:64,3
DA:65,3
DA:66,1
DA:67,3
DA:68,2
DA:69,2
DA:70,3
DA:71,3
DA:72,0
DA:73,3
DA:74,1
DA:75,1
DA:76,1
DA:77,1
DA:78,1
DA:79,1
DA:80,1
DA:81,1
DA:82,1
DA:83,4
DA:84,4
DA:85,4
DA:86,4
DA:87,4
DA:88,4
DA:89,4
DA:90,4
DA:91,4
DA:92,4
DA:93,4
DA:94,4
DA:95,3
DA:96,3
DA:97,3
DA:98,1
DA:99,3
DA:100,3
DA:101,2
DA:102,3
DA:103,4
DA:104,1
DA:105,1
DA:106,1
DA:107,1
DA:108,1
DA:109,4
DA:110,0
DA:111,0
DA:112,0
DA:113,0
DA:114,1
DA:115,1
DA:116,1
DA:117,1
DA:118,1
DA:119,1
DA:120,1
DA:121,1
DA:122,1
DA:123,4
DA:124,4
DA:125,1
DA:126,1
DA:127,1
DA:128,1
DA:129,1
DA:130,4
DA:131,2
DA:132,2
DA:133,2
DA:134,1
DA:135,1
DA:136,1
DA:137,1
DA:138,1
DA:139,1
DA:140,1
DA:141,1
DA:142,1
DA:143,1
DA:144,0
DA:145,0
DA:146,0
DA:147,1
DA:148,1
DA:149,0
DA:150,0
DA:151,0
DA:152,0
DA:153,2
DA:154,2
DA:155,0
DA:156,2
DA:157,4
DA:158,1
DA:159,1
DA:160,1
DA:161,1
DA:162,1
DA:163,4
DA:164,0
DA:165,0
DA:166,0
DA:167,0
DA:168,1
DA:169,1
DA:170,1
DA:171,1
DA:172,1
DA:173,1
DA:174,1
DA:175,1
DA:176,1
DA:177,3
DA:178,3
DA:179,1
DA:180,1
DA:181,1
DA:182,1
DA:183,1
DA:184,3
DA:185,3
DA:186,3
DA:187,3
DA:188,2
DA:189,3
DA:190,1
DA:191,1
DA:192,3
DA:193,3
DA:194,1
DA:195,3
DA:196,3
DA:197,0
DA:198,0
DA:199,0
DA:200,0
DA:201,1
DA:202,1
DA:203,1
DA:204,1
DA:205,1
DA:206,1
DA:207,1
DA:208,1
DA:209,1
DA:210,3
DA:211,3
DA:212,3
DA:213,2
DA:214,1
DA:215,1
DA:216,1
DA:217,1
DA:218,3
DA:219,3
DA:220,1
DA:221,3
DA:222,1
DA:223,1
DA:224,1
DA:225,1
DA:226,1
DA:227,1
DA:228,1
DA:229,1
DA:230,1
DA:231,3
DA:232,2
DA:233,2
DA:234,2
DA:235,0
DA:236,2
DA:237,1
DA:238,1
DA:239,1
DA:240,1
DA:241,1
DA:242,0
DA:243,1
DA:244,1
DA:245,1
DA:246,1
DA:247,1
DA:248,1
DA:249,2
DA:250,2
DA:251,0
DA:252,2
DA:253,3
DA:254,1
DA:255,1
DA:256,1
DA:257,1
DA:258,1
DA:259,1
LF:259
LH:227
BRDA:16,0,0,12
BRDA:20,1,0,2
BRDA:24,2,0,10
BRDA:31,3,0,6
BRDA:45,4,0,0
BRDA:51,5,0,0
BRDA:35,6,0,6
BRDA:36,7,0,2
BRDA:38,8,0,4
BRDA:61,9,0,3
BRDA:64,10,0,3
BRDA:65,11,0,1
BRDA:67,12,0,2
BRDA:82,13,0,4
BRDA:94,14,0,3
BRDA:103,15,0,1
BRDA:109,16,0,0
BRDA:97,17,0,1
BRDA:100,18,0,2
BRDA:122,19,0,4
BRDA:124,20,0,1
BRDA:130,21,0,3
BRDA:130,22,0,2
BRDA:157,23,0,1
BRDA:163,24,0,0
BRDA:132,25,0,2
BRDA:133,26,0,1
BRDA:148,27,0,0
BRDA:137,28,0,1
BRDA:176,29,0,3
BRDA:178,30,0,1
BRDA:196,31,0,0
BRDA:186,32,0,3
BRDA:187,33,0,2
BRDA:189,34,0,1
BRDA:193,35,0,1
BRDA:209,36,0,3
BRDA:212,37,0,2
BRDA:213,38,0,1
BRDA:219,39,0,1
BRDA:230,40,0,3
BRDA:231,41,0,2
BRDA:253,42,0,1
BRDA:233,43,0,2
BRDA:234,44,0,0
BRDA:236,45,0,1
BRDA:238,46,0,1
BRF:47
BRH:40
end_of_record
TN:
SF:src/routers/providerRouter.ts
FNF:0
FNH:0
DA:1,1
DA:2,1
DA:3,1
DA:4,1
DA:5,1
DA:6,1
DA:7,1
DA:8,1
DA:9,1
DA:10,1
DA:11,1
DA:12,1
DA:13,1
DA:14,1
DA:15,3
DA:16,2
DA:17,2
DA:18,2
DA:19,1
DA:20,1
DA:21,1
DA:22,1
DA:23,2
DA:24,0
DA:25,0
DA:26,3
DA:27,1
DA:28,1
DA:29,1
DA:30,1
DA:31,1
DA:32,0
DA:33,0
DA:34,1
DA:35,0
DA:36,0
DA:37,1
DA:38,1
DA:39,1
DA:40,1
DA:41,1
DA:42,1
DA:43,1
DA:44,1
DA:45,1
DA:46,2
DA:47,2
DA:48,2
DA:49,2
DA:50,1
DA:51,1
DA:52,1
DA:53,1
DA:54,2
DA:55,0
DA:56,0
DA:57,1
DA:58,1
DA:59,1
DA:60,1
DA:61,1
DA:62,1
DA:63,1
DA:64,1
DA:65,1
DA:66,3
DA:67,3
DA:68,3
DA:69,3
DA:70,3
DA:71,3
DA:72,3
DA:73,3
DA:74,3
DA:75,1
DA:76,1
DA:77,2
DA:78,1
DA:79,1
DA:80,1
DA:81,1
DA:82,1
DA:83,1
DA:84,1
DA:85,1
DA:86,1
DA:87,1
DA:88,1
DA:89,1
DA:90,1
DA:91,5
DA:92,4
DA:93,4
DA:94,4
DA:95,4
DA:96,4
DA:97,4
DA:98,4
DA:99,4
DA:100,1
DA:101,1
DA:102,1
DA:103,1
DA:104,3
DA:105,3
DA:106,3
DA:107,3
DA:108,3
DA:109,4
DA:110,1
DA:111,1
DA:112,2
DA:113,4
DA:114,0
DA:115,0
DA:116,5
DA:117,1
DA:118,1
DA:119,1
DA:120,1
DA:121,1
DA:122,1
DA:123,1
DA:124,1
DA:125,1
DA:126,1
DA:127,1
DA:128,4
DA:129,4
DA:130,4
DA:131,4
DA:132,4
DA:133,4
DA:134,4
DA:135,4
DA:136,1
DA:137,1
DA:138,1
DA:139,1
DA:140,3
DA:141,3
DA:142,3
DA:143,3
DA:144,3
DA:145,4
DA:146,1
DA:147,1
DA:148,2
DA:149,4
DA:150,0
DA:151,0
DA:152,1
DA:153,1
DA:154,1
DA:155,1
DA:156,1
DA:157,1
DA:158,1
DA:159,1
DA:160,1
DA:161,1
DA:162,1
DA:163,1
DA:164,1
DA:165,1
DA:166,1
DA:167,0
DA:168,0
DA:169,1
DA:170,0
DA:171,0
DA:172,1
DA:173,0
DA:174,0
DA:175,1
DA:176,1
DA:177,1
DA:178,1
DA:179,1
DA:180,1
DA:181,1
DA:182,1
DA:183,1
DA:184,1
DA:185,1
DA:186,1
DA:187,1
DA:188,1
DA:189,0
DA:190,0
DA:191,1
DA:192,0
DA:193,0
DA:194,1
LF:194
LH:172
BRDA:14,0,0,3
BRDA:15,1,0,2
BRDA:18,2,0,1
BRDA:23,3,0,0
BRDA:26,4,0,1
BRDA:31,5,0,0
BRDA:34,6,0,0
BRDA:45,7,0,2
BRDA:49,8,0,1
BRDA:54,9,0,0
BRDA:65,10,0,3
BRDA:74,11,0,1
BRDA:77,12,0,2
BRDA:78,13,0,1
BRDA:90,14,0,5
BRDA:91,15,0,4
BRDA:99,16,0,1
BRDA:104,17,0,3
BRDA:109,18,0,1
BRDA:112,19,0,2
BRDA:113,20,0,0
BRDA:116,21,0,1
BRDA:95,22,0,7
BRDA:127,23,0,4
BRDA:135,24,0,1
BRDA:140,25,0,3
BRDA:145,26,0,1
BRDA:148,27,0,2
BRDA:149,28,0,0
BRDA:131,29,0,5
BRDA:160,30,0,1
BRDA:166,31,0,0
BRDA:169,32,0,0
BRDA:172,33,0,0
BRDA:183,34,0,1
BRDA:188,35,0,0
BRDA:191,36,0,0
BRF:37
BRH:26
end_of_record
TN:
SF:src/routers/transactionsRouter.ts
FNF:0
FNH:0
DA:1,1
DA:2,1
DA:3,1
DA:4,1
DA:5,1
DA:6,1
DA:7,1
DA:8,1
DA:9,1
DA:10,1
DA:11,1
DA:12,1
DA:13,1
DA:14,1
DA:15,1
DA:16,1
DA:17,1
DA:18,1
DA:19,1
DA:20,1
DA:21,1
DA:22,1
DA:23,1
DA:24,1
DA:25,1
DA:26,1
DA:27,1
DA:28,1
DA:29,1
DA:30,1
DA:31,4
DA:32,1
DA:33,1
DA:34,1
DA:35,1
DA:36,1
DA:37,0
DA:38,0
DA:39,1
DA:40,0
DA:41,0
DA:42,4
DA:43,3
DA:44,1
DA:45,1
DA:46,1
DA:47,1
DA:48,1
DA:49,1
DA:50,1
DA:51,1
DA:52,1
DA:53,0
DA:54,0
DA:55,1
DA:56,0
DA:57,0
DA:58,1
DA:59,0
DA:60,0
DA:61,3
DA:62,1
DA:63,1
DA:64,1
DA:65,1
DA:66,1
DA:67,1
DA:68,1
DA:69,1
DA:70,1
DA:71,0
DA:72,0
DA:73,1
DA:74,0
DA:75,0
DA:76,1
DA:77,0
DA:78,0
DA:79,1
DA:80,1
DA:81,1
DA:82,1
DA:83,1
DA:84,1
DA:85,1
DA:86,1
DA:87,0
DA:88,0
DA:89,1
DA:90,0
DA:91,0
DA:92,1
DA:93,3
DA:94,1
DA:95,1
DA:96,1
DA:97,1
DA:98,1
DA:99,1
DA:100,1
DA:101,1
DA:102,1
DA:103,2
DA:104,2
DA:105,2
DA:106,1
DA:107,1
DA:108,1
DA:109,1
DA:110,2
DA:111,0
DA:112,0
DA:113,1
DA:114,1
DA:115,1
DA:116,1
DA:117,1
DA:118,1
DA:119,1
DA:120,1
DA:121,1
DA:122,1
DA:123,1
DA:124,14
DA:125,9
DA:126,9
DA:127,9
DA:128,8
DA:129,8
DA:130,10
DA:131,10
DA:132,10
DA:133,10
DA:134,8
DA:135,8
DA:136,8
DA:137,8
DA:138,6
DA:139,8
DA:140,2
DA:141,2
DA:142,2
DA:143,2
DA:144,2
DA:145,2
DA:146,2
DA:147,2
DA:148,2
DA:149,2
DA:150,9
DA:151,1
DA:152,1
DA:153,9
DA:154,0
DA:155,0
DA:156,0
DA:157,14
DA:158,5
DA:159,5
DA:160,5
DA:161,4
DA:162,7
DA:163,7
DA:164,7
DA:165,7
DA:166,7
DA:167,7
DA:168,7
DA:169,4
DA:170,4
DA:171,4
DA:172,1
DA:173,4
DA:174,3
DA:175,3
DA:176,3
DA:177,3
DA:178,3
DA:179,3
DA:180,3
DA:181,3
DA:182,3
DA:183,3
DA:184,5
DA:185,1
DA:186,1
DA:187,5
DA:188,0
DA:189,0
DA:190,0
DA:191,5
DA:192,0
DA:193,0
DA:194,14
DA:195,1
DA:196,1
DA:197,1
DA:198,1
DA:199,1
DA:200,1
DA:201,1
DA:202,1
DA:203,1
DA:204,17
DA:205,17
DA:206,17
DA:207,17
DA:208,17
DA:209,1
DA:210,1
DA:211,17
DA:212,1
DA:213,1
DA:214,1
DA:215,1
DA:216,17
DA:217,2
DA:218,2
DA:219,2
DA:220,2
DA:221,2
DA:222,17
DA:223,2
DA:224,2
DA:225,2
DA:226,2
DA:227,2
DA:228,2
DA:229,2
DA:230,17
DA:231,7
DA:232,2
DA:233,2
DA:234,1
DA:235,1
DA:236,1
DA:237,1
DA:238,1
DA:239,1
DA:240,1
DA:241,1
DA:242,1
DA:243,7
DA:244,1
DA:245,1
DA:246,1
DA:247,1
DA:248,7
DA:249,4
DA:250,4
DA:251,4
DA:252,5
DA:253,5
DA:254,5
DA:255,5
DA:256,4
DA:257,4
DA:258,4
DA:259,4
DA:260,3
DA:261,4
DA:262,1
DA:263,1
DA:264,1
DA:265,1
DA:266,1
DA:267,1
DA:268,1
DA:269,1
DA:270,1
DA:271,1
DA:272,4
DA:273,17
DA:274,6
DA:275,2
DA:276,2
DA:277,1
DA:278,1
DA:279,1
DA:280,1
DA:281,1
DA:282,1
DA:283,1
DA:284,1
DA:285,1
DA:286,6
DA:287,1
DA:288,1
DA:289,1
DA:290,1
DA:291,6
DA:292,1
DA:293,1
DA:294,1
DA:295,0
DA:296,1
DA:297,1
DA:298,1
DA:299,1
DA:300,1
DA:301,1
DA:302,1
DA:303,1
DA:304,1
DA:305,1
DA:306,1
DA:307,1
DA:308,6
DA:309,6
DA:310,6
DA:311,17
DA:312,0
DA:313,0
DA:314,1
DA:315,1
DA:316,1
DA:317,1
DA:318,1
DA:319,1
DA:320,1
DA:321,1
DA:322,1
DA:323,1
DA:324,1
DA:325,1
DA:326,1
DA:327,3
DA:328,3
DA:329,3
DA:330,3
DA:331,3
DA:332,2
DA:333,1
DA:334,1
DA:335,1
DA:336,1
DA:337,1
DA:338,1
DA:339,1
DA:340,1
DA:341,3
DA:342,1
DA:343,1
DA:344,3
DA:345,0
DA:346,0
DA:347,3
DA:348,1
DA:349,1
DA:350,1
DA:351,1
DA:352,1
DA:353,1
DA:354,1
DA:355,1
DA:356,1
DA:357,2
DA:358,2
DA:359,1
DA:360,1
DA:361,1
DA:362,1
DA:363,1
DA:364,1
DA:365,1
DA:366,1
DA:367,2
DA:368,0
DA:369,0
DA:370,1
LF:370
LH:333
BRDA:30,0,0,4
BRDA:31,1,0,1
BRDA:36,2,0,0
BRDA:39,3,0,0
BRDA:42,4,0,3
BRDA:43,5,0,1
BRDA:52,6,0,0
BRDA:55,7,0,0
BRDA:58,8,0,0
BRDA:61,9,0,2
BRDA:61,10,0,1
BRDA:70,11,0,0
BRDA:73,12,0,0
BRDA:76,13,0,0
BRDA:86,14,0,0
BRDA:89,15,0,0
BRDA:102,16,0,2
BRDA:105,17,0,1
BRDA:110,18,0,0
BRDA:123,19,0,14
BRDA:124,20,0,9
BRDA:124,21,0,9
BRDA:127,22,0,8
BRDA:137,23,0,6
BRDA:139,24,0,2
BRDA:150,25,0,1
BRDA:153,26,0,0
BRDA:157,27,0,5
BRDA:160,28,0,4
BRDA:171,29,0,1
BRDA:173,30,0,3
BRDA:184,31,0,1
BRDA:187,32,0,0
BRDA:191,33,0,0
BRDA:129,34,0,10
BRDA:161,35,0,7
BRDA:203,36,0,17
BRDA:208,37,0,1
BRDA:211,38,0,16
BRDA:211,39,0,1
BRDA:216,40,0,15
BRDA:216,41,0,2
BRDA:222,42,0,13
BRDA:222,43,0,2
BRDA:230,44,0,13
BRDA:230,45,0,7
BRDA:231,46,0,2
BRDA:233,47,0,1
BRDA:243,48,0,5
BRDA:243,49,0,1
BRDA:248,50,0,4
BRDA:259,51,0,3
BRDA:261,52,0,1
BRDA:273,53,0,6
BRDA:274,54,0,2
BRDA:276,55,0,1
BRDA:286,56,0,4
BRDA:286,57,0,1
BRDA:291,58,0,1
BRDA:294,59,0,0
BRDA:311,60,0,0
BRDA:251,61,0,5
BRDA:326,62,0,3
BRDA:331,63,0,2
BRDA:332,64,0,1
BRDA:341,65,0,1
BRDA:344,66,0,0
BRDA:356,67,0,2
BRDA:358,68,0,1
BRDA:367,69,0,0
BRF:70
BRH:52
end_of_record
