TN:
SF:src/indexApp.ts
FNF:0
FNH:0
DA:1,1
DA:2,1
DA:3,1
DA:4,1
DA:5,1
DA:6,1
DA:7,1
DA:8,1
DA:9,1
DA:10,1
DA:11,1
DA:12,1
DA:13,1
DA:14,1
DA:15,1
DA:16,1
DA:17,1
DA:18,1
DA:19,1
LF:19
LH:19
BRDA:15,0,0,0
BRDA:17,1,0,1
BRF:2
BRH:1
end_of_record
TN:
SF:src/transactionFunctions.ts
FN:37,resetPurchase
FN:52,resetSale
FN:73,getSale
FN:135,getPurchase
FNF:4
FNH:3
FNDA:1,resetPurchase
FNDA:0,resetSale
FNDA:8,getSale
FNDA:4,getPurchase
DA:1,1
DA:2,1
DA:3,1
DA:4,1
DA:5,1
DA:6,1
DA:7,1
DA:8,1
DA:9,1
DA:10,1
DA:11,1
DA:12,1
DA:13,1
DA:14,1
DA:15,1
DA:16,1
DA:17,1
DA:18,1
DA:19,1
DA:20,1
DA:21,1
DA:22,1
DA:23,1
DA:24,1
DA:25,1
DA:26,1
DA:27,1
DA:28,1
DA:29,1
DA:30,1
DA:31,1
DA:32,1
DA:33,1
DA:34,1
DA:35,1
DA:36,1
DA:37,1
DA:38,1
DA:39,2
DA:40,2
DA:41,0
DA:42,0
DA:43,2
DA:44,2
DA:45,2
DA:46,1
DA:47,1
DA:48,1
DA:49,1
DA:50,1
DA:51,1
DA:52,1
DA:53,0
DA:54,0
DA:55,0
DA:56,0
DA:57,0
DA:58,0
DA:59,0
DA:60,0
DA:61,0
DA:62,1
DA:63,1
DA:64,1
DA:65,1
DA:66,1
DA:67,1
DA:68,1
DA:69,1
DA:70,1
DA:71,1
DA:72,1
DA:73,1
DA:74,8
DA:75,8
DA:76,8
DA:77,8
DA:78,8
DA:79,8
DA:80,8
DA:81,8
DA:82,9
DA:83,9
DA:84,2
DA:85,2
DA:86,7
DA:87,7
DA:88,7
DA:89,7
DA:90,9
DA:91,1
DA:92,1
DA:93,1
DA:94,1
DA:95,6
DA:96,6
DA:97,6
DA:98,6
DA:99,6
DA:100,9
DA:101,1
DA:102,1
DA:103,1
DA:104,1
DA:105,9
DA:106,1
DA:107,1
DA:108,1
DA:109,1
DA:110,9
DA:111,1
DA:112,1
DA:113,1
DA:114,1
DA:115,3
DA:116,3
DA:117,3
DA:118,3
DA:119,3
DA:120,3
DA:121,3
DA:122,2
DA:123,2
DA:124,3
DA:125,3
DA:126,2
DA:127,2
DA:128,2
DA:129,1
DA:130,1
DA:131,1
DA:132,1
DA:133,1
DA:134,1
DA:135,1
DA:136,4
DA:137,4
DA:138,4
DA:139,4
DA:140,4
DA:141,4
DA:142,4
DA:143,4
DA:144,6
DA:145,6
DA:146,6
DA:147,6
DA:148,6
DA:149,6
DA:150,1
DA:151,1
DA:152,1
DA:153,1
DA:154,6
DA:155,1
DA:156,6
DA:157,4
DA:158,4
DA:159,4
DA:160,4
DA:161,4
DA:162,5
DA:163,5
DA:164,5
DA:165,3
DA:166,3
DA:167,5
DA:168,5
DA:169,3
DA:170,3
DA:171,3
LF:171
LH:160
BRDA:37,0,0,1
BRDA:38,1,0,2
BRDA:40,2,0,0
BRDA:73,3,0,8
BRDA:81,4,0,9
BRDA:83,5,0,2
BRDA:86,6,0,7
BRDA:90,7,0,1
BRDA:95,8,0,6
BRDA:100,9,0,1
BRDA:105,10,0,5
BRDA:105,11,0,1
BRDA:110,12,0,4
BRDA:110,13,0,1
BRDA:115,14,0,3
BRDA:122,15,0,2
BRDA:123,16,0,3
BRDA:135,17,0,4
BRDA:143,18,0,6
BRDA:149,19,0,1
BRDA:154,20,0,5
BRDA:154,21,0,1
BRDA:156,22,0,4
BRDA:162,23,0,5
BRDA:165,24,0,3
BRDA:166,25,0,5
BRF:26
BRH:25
end_of_record
TN:
SF:src/db/mongoose.ts
FNF:0
FNH:0
DA:1,1
DA:2,1
DA:3,1
DA:4,1
DA:5,1
DA:6,1
DA:7,1
DA:8,0
DA:9,1
LF:9
LH:8
BRDA:4,0,0,1
BRF:1
BRH:1
end_of_record
TN:
SF:src/models/customer.ts
FN:18,validator
FN:26,validator
FN:34,validator
FN:42,validator
FNF:4
FNH:4
FNDA:178,validator
FNDA:178,validator
FNDA:180,validator
FNDA:176,validator
DA:1,1
DA:2,1
DA:3,1
DA:4,1
DA:5,1
DA:6,1
DA:7,1
DA:8,1
DA:9,1
DA:10,1
DA:11,1
DA:12,1
DA:13,1
DA:14,1
DA:15,1
DA:16,1
DA:17,1
DA:18,1
DA:19,1
DA:20,1
DA:21,1
DA:22,1
DA:23,1
DA:24,1
DA:25,1
DA:26,1
DA:27,1
DA:28,1
DA:29,1
DA:30,1
DA:31,1
DA:32,1
DA:33,1
DA:34,1
DA:35,1
DA:36,1
DA:37,1
DA:38,1
DA:39,1
DA:40,1
DA:41,1
DA:42,1
DA:43,1
DA:44,1
DA:45,1
DA:46,1
DA:47,1
DA:48,1
LF:48
LH:48
BRDA:18,0,0,178
BRDA:26,1,0,178
BRDA:34,2,0,180
BRDA:42,3,0,176
BRF:4
BRH:4
end_of_record
TN:
SF:src/models/furniture.ts
FN:50,validator
FNF:1
FNH:1
FNDA:265,validator
DA:1,1
DA:2,1
DA:3,1
DA:4,1
DA:5,1
DA:6,1
DA:7,1
DA:8,1
DA:9,1
DA:10,1
DA:11,1
DA:12,1
DA:13,1
DA:14,1
DA:15,1
DA:16,1
DA:17,1
DA:18,1
DA:19,1
DA:20,1
DA:21,1
DA:22,1
DA:23,1
DA:24,1
DA:25,1
DA:26,1
DA:27,1
DA:28,1
DA:29,1
DA:30,1
DA:31,1
DA:32,1
DA:33,1
DA:34,1
DA:35,1
DA:36,1
DA:37,1
DA:38,1
DA:39,1
DA:40,1
DA:41,1
DA:42,1
DA:43,1
DA:44,1
DA:45,1
DA:46,1
DA:47,1
DA:48,1
DA:49,1
DA:50,1
DA:51,265
DA:52,1
DA:53,1
DA:54,1
DA:55,1
DA:56,1
DA:57,1
DA:58,1
DA:59,1
DA:60,1
DA:61,1
DA:62,1
DA:63,1
LF:63
LH:63
BRDA:50,0,0,265
BRF:1
BRH:1
end_of_record
TN:
SF:src/models/provider.ts
FN:17,validator
FN:27,validator
FN:37,validator
FNF:3
FNH:3
FNDA:178,validator
FNDA:180,validator
FNDA:176,validator
DA:1,1
DA:2,1
DA:3,1
DA:4,1
DA:5,1
DA:6,1
DA:7,1
DA:8,1
DA:9,1
DA:10,1
DA:11,1
DA:12,1
DA:13,1
DA:14,1
DA:15,1
DA:16,1
DA:17,1
DA:18,178
DA:19,1
DA:20,1
DA:21,1
DA:22,1
DA:23,1
DA:24,1
DA:25,1
DA:26,1
DA:27,1
DA:28,180
DA:29,1
DA:30,1
DA:31,1
DA:32,1
DA:33,1
DA:34,1
DA:35,1
DA:36,1
DA:37,1
DA:38,176
DA:39,176
DA:40,176
DA:41,176
DA:42,176
DA:43,1
DA:44,1
DA:45,1
DA:46,1
DA:47,1
DA:48,1
DA:49,1
LF:49
LH:49
BRDA:17,0,0,178
BRDA:27,1,0,180
BRDA:37,2,0,176
BRF:3
BRH:3
end_of_record
TN:
SF:src/models/transaction.ts
FNF:0
FNH:0
DA:1,1
DA:2,1
DA:3,1
DA:4,1
DA:5,1
DA:6,1
DA:7,1
DA:8,1
DA:9,1
DA:10,1
DA:11,1
DA:12,1
DA:13,1
DA:14,1
DA:15,1
DA:16,1
DA:17,1
DA:18,1
DA:19,1
DA:20,1
DA:21,1
DA:22,1
DA:23,1
DA:24,1
DA:25,1
DA:26,1
DA:27,1
DA:28,1
DA:29,1
DA:30,1
DA:31,1
DA:32,1
DA:33,1
DA:34,1
DA:35,1
DA:36,1
DA:37,1
DA:38,1
DA:39,1
DA:40,1
DA:41,1
DA:42,1
DA:43,1
DA:44,1
DA:45,1
DA:46,1
DA:47,1
DA:48,1
DA:49,1
DA:50,1
DA:51,1
DA:52,1
DA:53,1
DA:54,1
DA:55,1
DA:56,1
DA:57,1
LF:57
LH:57
BRF:0
BRH:0
end_of_record
TN:
SF:src/routers/customersRouter.ts
FNF:0
FNH:0
DA:1,1
DA:2,1
DA:3,1
DA:4,1
DA:5,1
DA:6,1
DA:7,1
DA:8,1
DA:9,1
DA:10,1
DA:11,1
DA:12,1
DA:13,1
DA:14,3
DA:15,2
DA:16,2
DA:17,2
DA:18,1
DA:19,1
DA:20,1
DA:21,1
DA:22,2
DA:23,0
DA:24,0
DA:25,3
DA:26,1
DA:27,1
DA:28,1
DA:29,1
DA:30,1
DA:31,0
DA:32,0
DA:33,1
DA:34,0
DA:35,0
DA:36,1
DA:37,1
DA:38,1
DA:39,1
DA:40,1
DA:41,1
DA:42,1
DA:43,1
DA:44,1
DA:45,2
DA:46,2
DA:47,2
DA:48,2
DA:49,1
DA:50,1
DA:51,1
DA:52,1
DA:53,1
DA:54,2
DA:55,0
DA:56,0
DA:57,1
DA:58,1
DA:59,1
DA:60,1
DA:61,1
DA:62,1
DA:63,1
DA:64,1
DA:65,1
DA:66,3
DA:67,3
DA:68,3
DA:69,3
DA:70,3
DA:71,3
DA:72,3
DA:73,3
DA:74,3
DA:75,3
DA:76,1
DA:77,1
DA:78,2
DA:79,1
DA:80,1
DA:81,1
DA:82,1
DA:83,1
DA:84,1
DA:85,1
DA:86,1
DA:87,1
DA:88,1
DA:89,1
DA:90,1
DA:91,1
DA:92,4
DA:93,4
DA:94,4
DA:95,4
DA:96,4
DA:97,4
DA:98,4
DA:99,4
DA:100,1
DA:101,1
DA:102,1
DA:103,1
DA:104,3
DA:105,3
DA:106,3
DA:107,3
DA:108,3
DA:109,4
DA:110,1
DA:111,1
DA:112,2
DA:113,4
DA:114,0
DA:115,0
DA:116,1
DA:117,1
DA:118,1
DA:119,5
DA:120,4
DA:121,4
DA:122,4
DA:123,4
DA:124,4
DA:125,4
DA:126,4
DA:127,4
DA:128,1
DA:129,1
DA:130,1
DA:131,1
DA:132,3
DA:133,3
DA:134,3
DA:135,3
DA:136,3
DA:137,4
DA:138,1
DA:139,1
DA:140,2
DA:141,4
DA:142,0
DA:143,0
DA:144,5
DA:145,1
DA:146,1
DA:147,1
DA:148,1
DA:149,1
DA:150,1
DA:151,1
DA:152,1
DA:153,1
DA:154,1
DA:155,1
DA:156,1
DA:157,1
DA:158,1
DA:159,1
DA:160,1
DA:161,1
DA:162,0
DA:163,0
DA:164,1
DA:165,0
DA:166,0
DA:167,1
DA:168,0
DA:169,0
DA:170,1
DA:171,1
DA:172,1
DA:173,1
DA:174,1
DA:175,1
DA:176,1
DA:177,1
DA:178,1
DA:179,1
DA:180,1
DA:181,1
DA:182,1
DA:183,1
DA:184,1
DA:185,1
DA:186,0
DA:187,0
DA:188,1
DA:189,0
DA:190,0
DA:191,1
DA:192,1
LF:192
LH:170
BRDA:13,0,0,3
BRDA:14,1,0,2
BRDA:17,2,0,1
BRDA:22,3,0,0
BRDA:25,4,0,1
BRDA:30,5,0,0
BRDA:33,6,0,0
BRDA:44,7,0,2
BRDA:48,8,0,1
BRDA:54,9,0,0
BRDA:65,10,0,3
BRDA:75,11,0,1
BRDA:78,12,0,2
BRDA:79,13,0,1
BRDA:91,14,0,4
BRDA:99,15,0,1
BRDA:104,16,0,3
BRDA:109,17,0,1
BRDA:112,18,0,2
BRDA:113,19,0,0
BRDA:95,20,0,7
BRDA:118,21,0,5
BRDA:119,22,0,4
BRDA:127,23,0,1
BRDA:132,24,0,3
BRDA:137,25,0,1
BRDA:140,26,0,2
BRDA:141,27,0,0
BRDA:144,28,0,1
BRDA:123,29,0,7
BRDA:155,30,0,1
BRDA:161,31,0,0
BRDA:164,32,0,0
BRDA:167,33,0,0
BRDA:180,34,0,1
BRDA:185,35,0,0
BRDA:188,36,0,0
BRF:37
BRH:26
end_of_record
TN:
SF:src/routers/furnitureRouter.ts
FN:13,checkFurnitureQuery
FNF:1
FNH:1
FNDA:12,checkFurnitureQuery
DA:1,1
DA:2,1
DA:3,1
DA:4,1
DA:5,1
DA:6,1
DA:7,1
DA:8,1
DA:9,1
DA:10,1
DA:11,1
DA:12,1
DA:13,12
DA:14,12
DA:15,12
DA:16,12
DA:17,12
DA:18,2
DA:19,2
DA:20,12
DA:21,10
DA:22,10
DA:23,1
DA:24,1
DA:25,1
DA:26,1
DA:27,1
DA:28,1
DA:29,1
DA:30,6
DA:31,6
DA:32,6
DA:33,6
DA:34,6
DA:35,2
DA:36,6
DA:37,4
DA:38,4
DA:39,6
DA:40,6
DA:41,0
DA:42,6
DA:43,6
DA:44,0
DA:45,0
DA:46,0
DA:47,0
DA:48,0
DA:49,6
DA:50,0
DA:51,0
DA:52,1
DA:53,1
DA:54,1
DA:55,1
DA:56,1
DA:57,1
DA:58,1
DA:59,3
DA:60,3
DA:61,3
DA:62,3
DA:63,1
DA:64,3
DA:65,2
DA:66,2
DA:67,3
DA:68,3
DA:69,0
DA:70,3
DA:71,1
DA:72,1
DA:73,1
DA:74,1
DA:75,1
DA:76,1
DA:77,1
DA:78,1
DA:79,1
DA:80,4
DA:81,4
DA:82,4
DA:83,4
DA:84,4
DA:85,4
DA:86,4
DA:87,4
DA:88,4
DA:89,4
DA:90,4
DA:91,4
DA:92,3
DA:93,3
DA:94,1
DA:95,3
DA:96,3
DA:97,2
DA:98,3
DA:99,4
DA:100,1
DA:101,1
DA:102,1
DA:103,1
DA:104,1
DA:105,4
DA:106,0
DA:107,0
DA:108,0
DA:109,0
DA:110,1
DA:111,1
DA:112,1
DA:113,1
DA:114,1
DA:115,1
DA:116,1
DA:117,1
DA:118,1
DA:119,4
DA:120,4
DA:121,1
DA:122,1
DA:123,1
DA:124,1
DA:125,1
DA:126,4
DA:127,2
DA:128,2
DA:129,2
DA:130,1
DA:131,1
DA:132,1
DA:133,1
DA:134,1
DA:135,1
DA:136,1
DA:137,0
DA:138,0
DA:139,0
DA:140,1
DA:141,1
DA:142,0
DA:143,0
DA:144,0
DA:145,0
DA:146,2
DA:147,2
DA:148,0
DA:149,2
DA:150,4
DA:151,1
DA:152,1
DA:153,1
DA:154,1
DA:155,1
DA:156,4
DA:157,0
DA:158,0
DA:159,0
DA:160,0
DA:161,1
DA:162,1
DA:163,1
DA:164,1
DA:165,1
DA:166,1
DA:167,1
DA:168,1
DA:169,1
DA:170,3
DA:171,3
DA:172,1
DA:173,1
DA:174,1
DA:175,1
DA:176,1
DA:177,3
DA:178,3
DA:179,3
DA:180,3
DA:181,2
DA:182,3
DA:183,1
DA:184,1
DA:185,3
DA:186,3
DA:187,1
DA:188,3
DA:189,3
DA:190,0
DA:191,0
DA:192,0
DA:193,0
DA:194,1
DA:195,1
DA:196,1
DA:197,1
DA:198,1
DA:199,1
DA:200,1
DA:201,1
DA:202,1
DA:203,3
DA:204,3
DA:205,3
DA:206,2
DA:207,1
DA:208,1
DA:209,1
DA:210,1
DA:211,3
DA:212,3
DA:213,1
DA:214,3
DA:215,1
DA:216,1
DA:217,1
DA:218,3
DA:219,2
DA:220,2
DA:221,2
DA:222,0
DA:223,2
DA:224,1
DA:225,1
DA:226,1
DA:227,1
DA:228,1
DA:229,0
DA:230,0
DA:231,0
DA:232,1
DA:233,1
DA:234,1
DA:235,1
DA:236,1
DA:237,1
DA:238,2
DA:239,2
DA:240,0
DA:241,2
DA:242,3
DA:243,1
DA:244,1
DA:245,1
DA:246,1
DA:247,1
DA:248,1
LF:248
LH:214
BRDA:13,0,0,12
BRDA:17,1,0,2
BRDA:21,2,0,10
BRDA:29,3,0,6
BRDA:43,4,0,0
BRDA:49,5,0,0
BRDA:33,6,0,6
BRDA:34,7,0,2
BRDA:36,8,0,4
BRDA:58,9,0,3
BRDA:61,10,0,3
BRDA:62,11,0,1
BRDA:64,12,0,2
BRDA:79,13,0,4
BRDA:91,14,0,3
BRDA:99,15,0,1
BRDA:105,16,0,0
BRDA:93,17,0,1
BRDA:96,18,0,2
BRDA:118,19,0,4
BRDA:120,20,0,1
BRDA:126,21,0,3
BRDA:126,22,0,2
BRDA:150,23,0,1
BRDA:156,24,0,0
BRDA:128,25,0,2
BRDA:129,26,0,1
BRDA:141,27,0,0
BRDA:133,28,0,1
BRDA:169,29,0,3
BRDA:171,30,0,1
BRDA:189,31,0,0
BRDA:179,32,0,3
BRDA:180,33,0,2
BRDA:182,34,0,1
BRDA:186,35,0,1
BRDA:202,36,0,3
BRDA:205,37,0,2
BRDA:206,38,0,1
BRDA:212,39,0,1
BRDA:217,40,0,3
BRDA:218,41,0,2
BRDA:242,42,0,1
BRDA:220,43,0,2
BRDA:221,44,0,0
BRDA:223,45,0,1
BRDA:225,46,0,1
BRF:47
BRH:40
end_of_record
TN:
SF:src/routers/providerRouter.ts
FNF:0
FNH:0
DA:1,1
DA:2,1
DA:3,1
DA:4,1
DA:5,1
DA:6,1
DA:7,1
DA:8,3
DA:9,2
DA:10,2
DA:11,2
DA:12,1
DA:13,1
DA:14,1
DA:15,1
DA:16,2
DA:17,0
DA:18,0
DA:19,3
DA:20,1
DA:21,1
DA:22,1
DA:23,1
DA:24,1
DA:25,0
DA:26,0
DA:27,1
DA:28,0
DA:29,0
DA:30,1
DA:31,1
DA:32,1
DA:33,1
DA:34,1
DA:35,2
DA:36,2
DA:37,2
DA:38,2
DA:39,1
DA:40,1
DA:41,1
DA:42,1
DA:43,2
DA:44,0
DA:45,0
DA:46,1
DA:47,1
DA:48,1
DA:49,1
DA:50,3
DA:51,3
DA:52,3
DA:53,3
DA:54,3
DA:55,3
DA:56,3
DA:57,3
DA:58,3
DA:59,1
DA:60,1
DA:61,2
DA:62,1
DA:63,1
DA:64,1
DA:65,1
DA:66,1
DA:67,1
DA:68,1
DA:69,5
DA:70,4
DA:71,4
DA:72,4
DA:73,4
DA:74,4
DA:75,4
DA:76,4
DA:77,4
DA:78,1
DA:79,1
DA:80,1
DA:81,1
DA:82,3
DA:83,3
DA:84,3
DA:85,3
DA:86,3
DA:87,4
DA:88,1
DA:89,1
DA:90,2
DA:91,4
DA:92,0
DA:93,0
DA:94,5
DA:95,1
DA:96,1
DA:97,1
DA:98,1
DA:99,1
DA:100,4
DA:101,4
DA:102,4
DA:103,4
DA:104,4
DA:105,4
DA:106,4
DA:107,4
DA:108,1
DA:109,1
DA:110,1
DA:111,1
DA:112,3
DA:113,3
DA:114,3
DA:115,3
DA:116,3
DA:117,4
DA:118,1
DA:119,1
DA:120,2
DA:121,4
DA:122,0
DA:123,0
DA:124,1
DA:125,1
DA:126,1
DA:127,1
DA:128,1
DA:129,1
DA:130,1
DA:131,1
DA:132,1
DA:133,1
DA:134,0
DA:135,0
DA:136,1
DA:137,0
DA:138,0
DA:139,1
DA:140,0
DA:141,0
DA:142,1
DA:143,1
DA:144,1
DA:145,1
DA:146,1
DA:147,1
DA:148,1
DA:149,1
DA:150,1
DA:151,0
DA:152,0
DA:153,1
DA:154,0
DA:155,0
DA:156,1
LF:156
LH:134
BRDA:7,0,0,3
BRDA:8,1,0,2
BRDA:11,2,0,1
BRDA:16,3,0,0
BRDA:19,4,0,1
BRDA:24,5,0,0
BRDA:27,6,0,0
BRDA:34,7,0,2
BRDA:38,8,0,1
BRDA:43,9,0,0
BRDA:49,10,0,3
BRDA:58,11,0,1
BRDA:61,12,0,2
BRDA:62,13,0,1
BRDA:68,14,0,5
BRDA:69,15,0,4
BRDA:77,16,0,1
BRDA:82,17,0,3
BRDA:87,18,0,1
BRDA:90,19,0,2
BRDA:91,20,0,0
BRDA:94,21,0,1
BRDA:73,22,0,7
BRDA:99,23,0,4
BRDA:107,24,0,1
BRDA:112,25,0,3
BRDA:117,26,0,1
BRDA:120,27,0,2
BRDA:121,28,0,0
BRDA:103,29,0,5
BRDA:127,30,0,1
BRDA:133,31,0,0
BRDA:136,32,0,0
BRDA:139,33,0,0
BRDA:145,34,0,1
BRDA:150,35,0,0
BRDA:153,36,0,0
BRF:37
BRH:26
end_of_record
TN:
SF:src/routers/transactionsRouter.ts
FNF:0
FNH:0
DA:1,1
DA:2,1
DA:3,1
DA:4,1
DA:5,1
DA:6,1
DA:7,1
DA:8,1
DA:9,1
DA:10,1
DA:11,1
DA:12,1
DA:13,1
DA:14,1
DA:15,1
DA:16,1
DA:17,1
DA:18,1
DA:19,1
DA:20,1
DA:21,1
DA:22,1
DA:23,1
DA:24,1
DA:25,1
DA:26,1
DA:27,1
DA:28,4
DA:29,1
DA:30,1
DA:31,1
DA:32,1
DA:33,1
DA:34,0
DA:35,0
DA:36,1
DA:37,0
DA:38,0
DA:39,4
DA:40,3
DA:41,1
DA:42,1
DA:43,1
DA:44,1
DA:45,1
DA:46,1
DA:47,1
DA:48,1
DA:49,1
DA:50,0
DA:51,0
DA:52,1
DA:53,0
DA:54,0
DA:55,1
DA:56,0
DA:57,0
DA:58,3
DA:59,1
DA:60,1
DA:61,1
DA:62,1
DA:63,1
DA:64,1
DA:65,1
DA:66,1
DA:67,1
DA:68,0
DA:69,0
DA:70,1
DA:71,0
DA:72,0
DA:73,1
DA:74,0
DA:75,0
DA:76,1
DA:77,1
DA:78,1
DA:79,1
DA:80,1
DA:81,1
DA:82,1
DA:83,1
DA:84,0
DA:85,0
DA:86,1
DA:87,0
DA:88,0
DA:89,1
DA:90,3
DA:91,1
DA:92,1
DA:93,1
DA:94,1
DA:95,1
DA:96,1
DA:97,1
DA:98,1
DA:99,1
DA:100,1
DA:101,1
DA:102,0
DA:103,0
DA:104,0
DA:105,0
DA:106,0
DA:107,0
DA:108,0
DA:109,0
DA:110,0
DA:111,0
DA:112,0
DA:113,1
DA:114,1
DA:115,1
DA:116,1
DA:117,1
DA:118,1
DA:119,1
DA:120,1
DA:121,1
DA:122,1
DA:123,1
DA:124,14
DA:125,9
DA:126,9
DA:127,9
DA:128,8
DA:129,8
DA:130,10
DA:131,10
DA:132,10
DA:133,10
DA:134,8
DA:135,8
DA:136,8
DA:137,8
DA:138,8
DA:139,6
DA:140,8
DA:141,2
DA:142,2
DA:143,2
DA:144,2
DA:145,2
DA:146,2
DA:147,2
DA:148,2
DA:149,2
DA:150,2
DA:151,2
DA:152,9
DA:153,1
DA:154,1
DA:155,9
DA:156,0
DA:157,0
DA:158,0
DA:159,14
DA:160,5
DA:161,5
DA:162,5
DA:163,4
DA:164,7
DA:165,7
DA:166,7
DA:167,7
DA:168,7
DA:169,7
DA:170,7
DA:171,4
DA:172,4
DA:173,4
DA:174,4
DA:175,1
DA:176,4
DA:177,3
DA:178,3
DA:179,3
DA:180,3
DA:181,3
DA:182,3
DA:183,3
DA:184,3
DA:185,3
DA:186,3
DA:187,3
DA:188,5
DA:189,1
DA:190,1
DA:191,5
DA:192,0
DA:193,0
DA:194,0
DA:195,5
DA:196,0
DA:197,0
DA:198,14
DA:199,1
DA:200,1
DA:201,1
DA:202,1
DA:203,1
DA:204,1
DA:205,1
DA:206,1
DA:207,1
DA:208,1
DA:209,1
DA:210,7
DA:211,7
DA:212,7
DA:213,7
DA:214,1
DA:215,1
DA:216,7
DA:217,1
DA:218,1
DA:219,7
DA:220,1
DA:221,1
DA:222,7
DA:223,1
DA:224,1
DA:225,1
DA:226,1
DA:227,1
DA:228,1
DA:229,7
DA:230,1
DA:231,1
DA:232,1
DA:233,1
DA:234,1
DA:235,1
DA:236,1
DA:237,0
DA:238,0
DA:239,1
DA:240,0
DA:241,0
DA:242,0
DA:243,0
DA:244,0
DA:245,0
DA:246,0
DA:247,0
DA:248,0
DA:249,0
DA:250,0
DA:251,0
DA:252,0
DA:253,0
DA:254,0
DA:255,0
DA:256,0
DA:257,0
DA:258,0
DA:259,0
DA:260,0
DA:261,0
DA:262,0
DA:263,7
DA:264,3
DA:265,1
DA:266,1
DA:267,1
DA:268,1
DA:269,1
DA:270,3
DA:271,0
DA:272,0
DA:273,3
DA:274,0
DA:275,0
DA:276,0
DA:277,0
DA:278,0
DA:279,0
DA:280,0
DA:281,0
DA:282,0
DA:283,0
DA:284,0
DA:285,0
DA:286,0
DA:287,0
DA:288,7
DA:289,4
DA:290,1
DA:291,1
DA:292,1
DA:293,1
DA:294,1
DA:295,1
DA:296,1
DA:297,1
DA:298,1
DA:299,1
DA:300,1
DA:301,1
DA:302,1
DA:303,1
DA:304,1
DA:305,2
DA:306,2
DA:307,2
DA:308,2
DA:309,2
DA:310,1
DA:311,0
DA:312,0
DA:313,0
DA:314,1
DA:315,1
DA:316,1
DA:317,1
DA:318,1
DA:319,0
DA:320,0
DA:321,0
DA:322,0
DA:323,1
DA:324,1
DA:325,1
DA:326,2
DA:327,0
DA:328,0
DA:329,2
DA:330,2
DA:331,1
DA:332,1
DA:333,1
DA:334,0
DA:335,0
DA:336,0
DA:337,0
DA:338,0
DA:339,0
DA:340,1
LF:340
LH:245
BRDA:27,0,0,4
BRDA:28,1,0,1
BRDA:33,2,0,0
BRDA:36,3,0,0
BRDA:39,4,0,3
BRDA:40,5,0,1
BRDA:49,6,0,0
BRDA:52,7,0,0
BRDA:55,8,0,0
BRDA:58,9,0,2
BRDA:58,10,0,1
BRDA:67,11,0,0
BRDA:70,12,0,0
BRDA:73,13,0,0
BRDA:83,14,0,0
BRDA:86,15,0,0
BRDA:123,16,0,14
BRDA:124,17,0,9
BRDA:124,18,0,9
BRDA:127,19,0,8
BRDA:138,20,0,6
BRDA:140,21,0,2
BRDA:152,22,0,1
BRDA:155,23,0,0
BRDA:159,24,0,5
BRDA:162,25,0,4
BRDA:174,26,0,1
BRDA:176,27,0,3
BRDA:188,28,0,1
BRDA:191,29,0,0
BRDA:195,30,0,0
BRDA:129,31,0,10
BRDA:163,32,0,7
BRDA:209,33,0,7
BRDA:213,34,0,1
BRDA:216,35,0,6
BRDA:216,36,0,1
BRDA:219,37,0,5
BRDA:219,38,0,1
BRDA:222,39,0,4
BRDA:222,40,0,1
BRDA:229,41,0,4
BRDA:229,42,0,1
BRDA:236,43,0,0
BRDA:239,44,0,0
BRDA:263,45,0,3
BRDA:264,46,0,1
BRDA:270,47,0,2
BRDA:270,48,0,0
BRDA:273,49,0,0
BRDA:288,50,0,4
BRDA:304,51,0,2
BRDA:309,52,0,1
BRDA:310,53,0,0
BRDA:318,54,0,0
BRDA:326,55,0,0
BRF:56
BRH:36
end_of_record
